<?xml version="1.0" encoding="UTF-8"?>
<TestRun id="f406987f-ddc6-4426-9c4f-b291707eb058" name="Michael.Gallacher@SON-00001212VM 2015-04-28 12:54:26" runUser="RINCONNETWORKS\Michael.Gallacher" xmlns="http://microsoft.com/schemas/VisualStudio/TeamTest/2010">
  <TestSettings name="Default Test Settings" id="a0ffa433-4cee-4e33-9e11-4a11d6c6391d">
    <Deployment runDeploymentRoot="Michael.Gallacher_SON-00001212VM 2015-04-28 12_54_26">
      <DeploymentItem filename="C:\Users\michael.gallacher\github\appium-for-wpf\packages\NServiceKit.Common.1.0.11\lib\net35\NServiceKit.Interfaces.dll" />
      <DeploymentItem filename="C:\Users\michael.gallacher\github\appium-for-wpf\packages\Selenium.WebDriver.2.44.0\lib\net40\WebDriver.dll" />
      <DeploymentItem filename="C:\Users\michael.gallacher\github\appium-for-wpf\packages\NServiceKit.Text.1.0.10\lib\net35\NServiceKit.Text.dll" />
      <DeploymentItem filename="C:\Users\michael.gallacher\github\appium-for-wpf\packages\NServiceKit.Common.1.0.11\lib\net35\NServiceKit.Common.dll" />
      <DeploymentItem filename="C:\Users\michael.gallacher\github\appium-for-wpf\packages\Appium.WebDriver.1.2.0.8\lib\net40\appium-dotnet-driver.dll" />
      <DeploymentItem filename="C:\Users\michael.gallacher\github\appium-for-wpf\packages\NServiceKit.1.0.32\lib\net35\NServiceKit.ServiceInterface.dll" />
      <DeploymentItem filename="C:\Users\michael.gallacher\github\appium-for-wpf\packages\Newtonsoft.Json.6.0.8\lib\net40\Newtonsoft.Json.dll" />
      <DeploymentItem filename="C:\Users\michael.gallacher\github\appium-for-wpf\packages\NServiceKit.1.0.32\lib\net35\NServiceKit.dll" />
    </Deployment>
    <Execution>
      <TestTypeSpecific />
      <AgentRule name="Execution Agents">
      </AgentRule>
    </Execution>
  </TestSettings>
  <Times creation="2015-04-28T12:54:26.7914696-07:00" queuing="2015-04-28T12:54:30.8162767-07:00" start="2015-04-28T12:54:31.0814772-07:00" finish="2015-04-28T12:54:34.9248990-07:00" />
  <ResultSummary outcome="Failed">
    <Counters total="1" executed="1" error="0" failed="1" timeout="0" aborted="0" inconclusive="0" passedButRunAborted="0" notRunnable="0" notExecuted="0" disconnected="0" warning="0" passed="0" completed="0" inProgress="0" pending="0" />
  </ResultSummary>
  <TestDefinitions>
    <UnitTest name="TestServer" storage="c:\users\michael.gallacher\github\appium-for-wpf\unittests\bin\debug\unittests.dll" id="a991e808-8e28-453f-2f45-98c27d3aae90">
      <Execution id="635b8ac8-f8ef-435f-b8a4-ba87730d77f3" />
      <TestMethod codeBase="C:/Users/michael.gallacher/github/appium-for-wpf/UnitTests/bin/Debug/UnitTests.DLL" adapterTypeName="Microsoft.VisualStudio.TestTools.TestTypes.Unit.UnitTestAdapter, Microsoft.VisualStudio.QualityTools.Tips.UnitTest.Adapter, Version=10.0.0.0, Culture=neutral, PublicKeyToken=b03f5f7f11d50a3a" className="UnitTests.UnitTest1, UnitTests, Version=1.0.0.0, Culture=neutral, PublicKeyToken=null" name="TestServer" />
    </UnitTest>
  </TestDefinitions>
  <TestLists>
    <TestList name="Results Not in a List" id="8c84fa94-04c1-424b-9868-57a2d4851a1d" />
    <TestList name="All Loaded Results" id="19431567-8539-422a-85d7-44ee4e166bda" />
  </TestLists>
  <TestEntries>
    <TestEntry testId="a991e808-8e28-453f-2f45-98c27d3aae90" executionId="635b8ac8-f8ef-435f-b8a4-ba87730d77f3" testListId="8c84fa94-04c1-424b-9868-57a2d4851a1d" />
  </TestEntries>
  <Results>
    <UnitTestResult executionId="635b8ac8-f8ef-435f-b8a4-ba87730d77f3" testId="a991e808-8e28-453f-2f45-98c27d3aae90" testName="TestServer" computerName="SON-00001212VM" duration="00:00:01.6626441" startTime="2015-04-28T12:54:31.7210783-07:00" endTime="2015-04-28T12:54:34.8312988-07:00" testType="13cdc9d9-ddb5-4fa4-a97d-d965ccfc6d4b" outcome="Failed" testListId="8c84fa94-04c1-424b-9868-57a2d4851a1d" relativeResultsDirectory="635b8ac8-f8ef-435f-b8a4-ba87730d77f3">
      <Output>
        <ErrorInfo>
          <Message>Test method UnitTests.UnitTest1.TestServer threw exception: 
System.NullReferenceException: Object reference not set to an instance of an object.</Message>
          <StackTrace>    at OpenQA.Selenium.Remote.RemoteWebDriver.UnpackAndThrowOnError(Response errorResponse)
   at OpenQA.Selenium.Remote.RemoteWebDriver.Execute(String driverCommandToExecute, Dictionary`2 parameters)
   at OpenQA.Selenium.Remote.RemoteWebDriver.StartSession(ICapabilities desiredCapabilities)
   at OpenQA.Selenium.Remote.RemoteWebDriver..ctor(ICommandExecutor commandExecutor, ICapabilities desiredCapabilities)
   at OpenQA.Selenium.Appium.AppiumDriver..ctor(ICommandExecutor commandExecutor, ICapabilities desiredCapabilities)
   at OpenQA.Selenium.Appium.AppiumDriver..ctor(Uri remoteAddress, ICapabilities desiredCapabilities, TimeSpan commandTimeout)
   at OpenQA.Selenium.Appium.AppiumDriver..ctor(Uri remoteAddress, ICapabilities desiredCapabilities)
   at UnitTests.UnitTest1.MyAppiumDriver..ctor(Uri remoteAddress, ICapabilities desiredCapabilities) in C:\Users\michael.gallacher\github\appium-for-wpf\UnitTests\UnitTest1.cs:line 38
   at UnitTests.UnitTest1.TestServer() in C:\Users\michael.gallacher\github\appium-for-wpf\UnitTests\UnitTest1.cs:line 24
</StackTrace>
        </ErrorInfo>
      </Output>
    </UnitTestResult>
  </Results>
</TestRun>